0 info it worked if it ends with ok
1 verbose cli [ '/Users/jbaylina/n/bin/node',
1 verbose cli   '/Users/jbaylina/n/bin/npm',
1 verbose cli   'publish' ]
2 info using npm@3.10.3
3 info using node@v6.3.1
4 verbose publish [ '.' ]
5 silly cache add args [ '.', null ]
6 verbose cache add spec .
7 silly cache add parsed spec Result {
7 silly cache add   raw: '.',
7 silly cache add   scope: null,
7 silly cache add   escapedName: null,
7 silly cache add   name: null,
7 silly cache add   rawSpec: '.',
7 silly cache add   spec: '/Users/jbaylina/git/liquium-contracts',
7 silly cache add   type: 'directory' }
8 verbose addLocalDirectory /Users/jbaylina/.npm/liquium-contracts/0.0.4/package.tgz not in flight; packing
9 verbose correctMkdir /Users/jbaylina/.npm correctMkdir not in flight; initializing
10 info lifecycle liquium-contracts@0.0.4~prepublish: liquium-contracts@0.0.4
11 silly lifecycle liquium-contracts@0.0.4~prepublish: no script for prepublish, continuing
12 verbose tar pack [ '/Users/jbaylina/.npm/liquium-contracts/0.0.4/package.tgz',
12 verbose tar pack   '/Users/jbaylina/git/liquium-contracts' ]
13 verbose tarball /Users/jbaylina/.npm/liquium-contracts/0.0.4/package.tgz
14 verbose folder /Users/jbaylina/git/liquium-contracts
15 verbose addLocalTarball adding from inside cache /Users/jbaylina/.npm/liquium-contracts/0.0.4/package.tgz
16 verbose correctMkdir /Users/jbaylina/.npm correctMkdir not in flight; initializing
17 silly cache afterAdd liquium-contracts@0.0.4
18 verbose afterAdd /Users/jbaylina/.npm/liquium-contracts/0.0.4/package/package.json not in flight; writing
19 verbose correctMkdir /Users/jbaylina/.npm correctMkdir not in flight; initializing
20 verbose afterAdd /Users/jbaylina/.npm/liquium-contracts/0.0.4/package/package.json written
21 silly publish { name: 'liquium-contracts',
21 silly publish   version: '0.0.4',
21 silly publish   description: 'Contracts for Liquium project.',
21 silly publish   main: 'js/index.js',
21 silly publish   directories: { test: 'test' },
21 silly publish   scripts: { test: 'mocha', build: './build' },
21 silly publish   repository:
21 silly publish    { type: 'git',
21 silly publish      url: 'git+https://github.com/Giveth/vaultcontract.git' },
21 silly publish   keywords:
21 silly publish    [ 'liquium',
21 silly publish      'liquid',
21 silly publish      'democracy',
21 silly publish      'solidity',
21 silly publish      'smart',
21 silly publish      'contract',
21 silly publish      'poll',
21 silly publish      'voting',
21 silly publish      'ethereum',
21 silly publish      'blockchain' ],
21 silly publish   browserify: { transform: [ 'browserify-shim' ] },
21 silly publish   'browserify-shim':
21 silly publish    { web3: 'global:web3',
21 silly publish      lodash: 'global:_',
21 silly publish      async: 'global:async' },
21 silly publish   author: { name: 'Jordi Baylina' },
21 silly publish   license: 'GPL-3.0',
21 silly publish   bugs: { url: 'https://github.com/AtrauraBlockchain/liquium-contracts/issues' },
21 silly publish   homepage: 'https://github.com/AtrauraBlockchain/liquium-contracts',
21 silly publish   devDependencies:
21 silly publish    { 'browserify-shim': '^3.8.12',
21 silly publish      ethconnector: '^0.0.20',
21 silly publish      gulp: '^3.9.1',
21 silly publish      'gulp-browserify': '^0.5.1' },
21 silly publish   dependencies: { async: '^2.1.4', lodash: '^4.17.4' },
21 silly publish   readme: '# Liquium Smart Contracts\n\n',
21 silly publish   readmeFilename: 'README.md',
21 silly publish   gitHead: '9249e03d643b8c17e7b493f0ffa07093b00399fd',
21 silly publish   _id: 'liquium-contracts@0.0.4',
21 silly publish   _shasum: 'b50f4d97480af418214f64c0450571ca402ca2bf',
21 silly publish   _from: '.' }
22 verbose getPublishConfig undefined
23 silly mapToRegistry name liquium-contracts
24 silly mapToRegistry using default registry
25 silly mapToRegistry registry https://registry.npmjs.org/
26 silly mapToRegistry data Result {
26 silly mapToRegistry   raw: 'liquium-contracts',
26 silly mapToRegistry   scope: null,
26 silly mapToRegistry   escapedName: 'liquium-contracts',
26 silly mapToRegistry   name: 'liquium-contracts',
26 silly mapToRegistry   rawSpec: '',
26 silly mapToRegistry   spec: 'latest',
26 silly mapToRegistry   type: 'tag' }
27 silly mapToRegistry uri https://registry.npmjs.org/liquium-contracts
28 verbose publish registryBase https://registry.npmjs.org/
29 silly publish uploading /Users/jbaylina/.npm/liquium-contracts/0.0.4/package.tgz
30 verbose request uri https://registry.npmjs.org/liquium-contracts
31 verbose request sending authorization for write operation
32 info attempt registry request try #1 at 7:20:19 PM
33 verbose request using bearer token for auth
34 verbose request id 6bd27d13d421bb8b
35 http request PUT https://registry.npmjs.org/liquium-contracts
36 http 403 https://registry.npmjs.org/liquium-contracts
37 verbose headers { 'content-type': 'application/json',
37 verbose headers   'cache-control': 'max-age=300',
37 verbose headers   'content-length': '95',
37 verbose headers   'accept-ranges': 'bytes',
37 verbose headers   date: 'Thu, 05 Jan 2017 18:20:20 GMT',
37 verbose headers   via: '1.1 varnish',
37 verbose headers   connection: 'keep-alive',
37 verbose headers   'x-served-by': 'cache-lcy1146-LCY',
37 verbose headers   'x-cache': 'MISS',
37 verbose headers   'x-cache-hits': '0',
37 verbose headers   'x-timer': 'S1483640418.801045,VS0,VE1654',
37 verbose headers   vary: 'Accept-Encoding' }
38 verbose request invalidating /Users/jbaylina/.npm/registry.npmjs.org/liquium-contracts on PUT
39 error publish Failed PUT 403
40 verbose stack Error: "You cannot publish over the previously published version 0.0.4." : liquium-contracts
40 verbose stack     at makeError (/Users/jbaylina/n/lib/node_modules/npm/node_modules/npm-registry-client/lib/request.js:264:12)
40 verbose stack     at CachingRegistryClient.<anonymous> (/Users/jbaylina/n/lib/node_modules/npm/node_modules/npm-registry-client/lib/request.js:252:14)
40 verbose stack     at Request._callback (/Users/jbaylina/n/lib/node_modules/npm/node_modules/npm-registry-client/lib/request.js:172:14)
40 verbose stack     at Request.self.callback (/Users/jbaylina/n/lib/node_modules/npm/node_modules/request/request.js:200:22)
40 verbose stack     at emitTwo (events.js:106:13)
40 verbose stack     at Request.emit (events.js:191:7)
40 verbose stack     at Request.<anonymous> (/Users/jbaylina/n/lib/node_modules/npm/node_modules/request/request.js:1067:10)
40 verbose stack     at emitOne (events.js:101:20)
40 verbose stack     at Request.emit (events.js:188:7)
40 verbose stack     at IncomingMessage.<anonymous> (/Users/jbaylina/n/lib/node_modules/npm/node_modules/request/request.js:988:12)
41 verbose statusCode 403
42 verbose pkgid liquium-contracts
43 verbose cwd /Users/jbaylina/git/liquium-contracts
44 error Darwin 16.3.0
45 error argv "/Users/jbaylina/n/bin/node" "/Users/jbaylina/n/bin/npm" "publish"
46 error node v6.3.1
47 error npm  v3.10.3
48 error code E403
49 error "You cannot publish over the previously published version 0.0.4." : liquium-contracts
50 error If you need help, you may report this error at:
50 error     <https://github.com/npm/npm/issues>
51 verbose exit [ 1, true ]
